

Microchip MPLAB XC8 Assembler V2.10 build 88905656 
                                                                                               Tue Feb 04 16:14:50 2020

Microchip MPLAB XC8 C Compiler v2.10 (Free license) build 20190730164152 Og1 
     1                           	processor	16F877A
     2                           	opt	pw 120
     3                           	opt	flic
     4                           	psect	strings,global,class=STRING,delta=2
     5                           	psect	cinit,global,class=CODE,merge=1,delta=2
     6                           	psect	cstackCOMMON,global,class=COMMON,space=1,delta=1
     7                           	psect	maintext,global,class=CODE,split=1,delta=2
     8                           	psect	text1,local,class=CODE,merge=1,delta=2
     9                           	psect	text2,local,class=CODE,merge=1,delta=2
    10                           	psect	text3,local,class=CODE,merge=1,delta=2
    11                           	psect	text4,local,class=CODE,merge=1,delta=2
    12                           	psect	text5,local,class=CODE,merge=1,delta=2
    13                           	dabs	1,0x7E,2
    14  0000                     
    15                           ; Version 2.10
    16                           ; Generated 31/07/2019 GMT
    17                           ; 
    18                           ; Copyright © 2019, Microchip Technology Inc. and its subsidiaries ("Microchip")
    19                           ; All rights reserved.
    20                           ; 
    21                           ; This software is developed by Microchip Technology Inc. and its subsidiaries ("Microch
      +                          ip").
    22                           ; 
    23                           ; Redistribution and use in source and binary forms, with or without modification, are
    24                           ; permitted provided that the following conditions are met:
    25                           ; 
    26                           ;     1. Redistributions of source code must retain the above copyright notice, this lis
      +                          t of
    27                           ;        conditions and the following disclaimer.
    28                           ; 
    29                           ;     2. Redistributions in binary form must reproduce the above copyright notice, this 
      +                          list
    30                           ;        of conditions and the following disclaimer in the documentation and/or other
    31                           ;        materials provided with the distribution.
    32                           ; 
    33                           ;     3. Microchip's name may not be used to endorse or promote products derived from th
      +                          is
    34                           ;        software without specific prior written permission.
    35                           ; 
    36                           ; THIS SOFTWARE IS PROVIDED BY MICROCHIP "AS IS" AND ANY EXPRESS OR IMPLIED WARRANTIES,
    37                           ; INCLUDING, BUT NOT LIMITED TO, THE IMPLIED WARRANTIES OF MERCHANTABILITY AND FITNESS F
      +                          OR
    38                           ; PURPOSE ARE DISCLAIMED.  IN NO EVENT SHALL MICROCHIP BE LIABLE FOR ANY DIRECT, INDIREC
      +                          T,
    39                           ; INCIDENTAL, SPECIAL, EXEMPLARY, OR CONSEQUENTIAL DAMAGES (INCLUDING BUT NOT LIMITED TO
    40                           ; PROCUREMENT OF SUBSTITUTE GOODS OR SERVICES; LOSS OF USE, DATA OR PROFITS; OR BUSINESS
    41                           ; INTERRUPTION) HOWSOEVER CAUSED AND ON ANY THEORY OF LIABILITY, WHETHER IN CONTRACT, ST
      +                          RICT
    42                           ; LIABILITY, OR TORT (INCLUDING NEGLIGENCE OR OTHERWISE) ARISING IN ANY WAY OUT OF THE U
      +                          SE OF
    43                           ; THIS SOFTWARE, EVEN IF ADVISED OF THE POSSIBILITY OF SUCH DAMAGE.
    44                           ; 
    45                           ; 
    46                           ; Code-generator required, PIC16F877A Definitions
    47                           ; 
    48                           ; SFR Addresses
    49  0000                     	;# 
    50  0001                     	;# 
    51  0002                     	;# 
    52  0003                     	;# 
    53  0004                     	;# 
    54  0005                     	;# 
    55  0006                     	;# 
    56  0007                     	;# 
    57  0008                     	;# 
    58  0009                     	;# 
    59  000A                     	;# 
    60  000B                     	;# 
    61  000C                     	;# 
    62  000D                     	;# 
    63  000E                     	;# 
    64  000E                     	;# 
    65  000F                     	;# 
    66  0010                     	;# 
    67  0011                     	;# 
    68  0012                     	;# 
    69  0013                     	;# 
    70  0014                     	;# 
    71  0015                     	;# 
    72  0015                     	;# 
    73  0016                     	;# 
    74  0017                     	;# 
    75  0018                     	;# 
    76  0019                     	;# 
    77  001A                     	;# 
    78  001B                     	;# 
    79  001B                     	;# 
    80  001C                     	;# 
    81  001D                     	;# 
    82  001E                     	;# 
    83  001F                     	;# 
    84  0081                     	;# 
    85  0085                     	;# 
    86  0086                     	;# 
    87  0087                     	;# 
    88  0088                     	;# 
    89  0089                     	;# 
    90  008C                     	;# 
    91  008D                     	;# 
    92  008E                     	;# 
    93  0091                     	;# 
    94  0092                     	;# 
    95  0093                     	;# 
    96  0094                     	;# 
    97  0098                     	;# 
    98  0099                     	;# 
    99  009C                     	;# 
   100  009D                     	;# 
   101  009E                     	;# 
   102  009F                     	;# 
   103  010C                     	;# 
   104  010D                     	;# 
   105  010E                     	;# 
   106  010F                     	;# 
   107  018C                     	;# 
   108  018D                     	;# 
   109  0000                     	;# 
   110  0001                     	;# 
   111  0002                     	;# 
   112  0003                     	;# 
   113  0004                     	;# 
   114  0005                     	;# 
   115  0006                     	;# 
   116  0007                     	;# 
   117  0008                     	;# 
   118  0009                     	;# 
   119  000A                     	;# 
   120  000B                     	;# 
   121  000C                     	;# 
   122  000D                     	;# 
   123  000E                     	;# 
   124  000E                     	;# 
   125  000F                     	;# 
   126  0010                     	;# 
   127  0011                     	;# 
   128  0012                     	;# 
   129  0013                     	;# 
   130  0014                     	;# 
   131  0015                     	;# 
   132  0015                     	;# 
   133  0016                     	;# 
   134  0017                     	;# 
   135  0018                     	;# 
   136  0019                     	;# 
   137  001A                     	;# 
   138  001B                     	;# 
   139  001B                     	;# 
   140  001C                     	;# 
   141  001D                     	;# 
   142  001E                     	;# 
   143  001F                     	;# 
   144  0081                     	;# 
   145  0085                     	;# 
   146  0086                     	;# 
   147  0087                     	;# 
   148  0088                     	;# 
   149  0089                     	;# 
   150  008C                     	;# 
   151  008D                     	;# 
   152  008E                     	;# 
   153  0091                     	;# 
   154  0092                     	;# 
   155  0093                     	;# 
   156  0094                     	;# 
   157  0098                     	;# 
   158  0099                     	;# 
   159  009C                     	;# 
   160  009D                     	;# 
   161  009E                     	;# 
   162  009F                     	;# 
   163  010C                     	;# 
   164  010D                     	;# 
   165  010E                     	;# 
   166  010F                     	;# 
   167  018C                     	;# 
   168  018D                     	;# 
   169  001A                     _RCREG	set	26
   170  0019                     _TXREG	set	25
   171  0033                     _RB3	set	51
   172  0065                     _RCIF	set	101
   173  00C1                     _OERR	set	193
   174  0064                     _TXIF	set	100
   175  005E                     _PEIE	set	94
   176  005F                     _GIE	set	95
   177  00C4                     _CREN	set	196
   178  00C6                     _RX9	set	198
   179  00C7                     _SPEN	set	199
   180  0099                     _SPBRG	set	153
   181  0433                     _TRISB3	set	1075
   182  04C1                     _TRMT	set	1217
   183  0464                     _TXIE	set	1124
   184  0465                     _RCIE	set	1125
   185  04C5                     _TXEN	set	1221
   186  04C6                     _TX9	set	1222
   187  04C4                     _SYNC	set	1220
   188  04C2                     _BRGH	set	1218
   189  043F                     _TRISC7	set	1087
   190  043E                     _TRISC6	set	1086
   191                           
   192                           	psect	strings
   193  0003                     __pstrings:	
   194  0003                     stringtab:	
   195  0003                     __stringtab:	
   196  0003                     stringcode:	
   197                           ;	String table - string pointers are 1 byte each
   198                           
   199  0003                     stringdir:	
   200  0003  3000               	movlw	high stringdir
   201  0004  008A               	movwf	10
   202  0005  0804               	movf	4,w
   203  0006  0A84               	incf	4,f
   204  0007  0782               	addwf	2,f
   205  0008                     __stringbase:	
   206  0008  3400               	retlw	0
   207  0009                     __end_of__stringtab:	
   208  0009                     STR_1:	
   209  0009  3442               	retlw	66	;'B'
   210  000A  346C               	retlw	108	;'l'
   211  000B  3475               	retlw	117	;'u'
   212  000C  3465               	retlw	101	;'e'
   213  000D  3474               	retlw	116	;'t'
   214  000E  346F               	retlw	111	;'o'
   215  000F  346F               	retlw	111	;'o'
   216  0010  3474               	retlw	116	;'t'
   217  0011  3468               	retlw	104	;'h'
   218  0012  3420               	retlw	32	;' '
   219  0013  3449               	retlw	73	;'I'
   220  0014  346E               	retlw	110	;'n'
   221  0015  3469               	retlw	105	;'i'
   222  0016  3474               	retlw	116	;'t'
   223  0017  3469               	retlw	105	;'i'
   224  0018  3461               	retlw	97	;'a'
   225  0019  346C               	retlw	108	;'l'
   226  001A  3469               	retlw	105	;'i'
   227  001B  347A               	retlw	122	;'z'
   228  001C  3465               	retlw	101	;'e'
   229  001D  3464               	retlw	100	;'d'
   230  001E  3420               	retlw	32	;' '
   231  001F  3461               	retlw	97	;'a'
   232  0020  346E               	retlw	110	;'n'
   233  0021  3464               	retlw	100	;'d'
   234  0022  3420               	retlw	32	;' '
   235  0023  3452               	retlw	82	;'R'
   236  0024  3465               	retlw	101	;'e'
   237  0025  3461               	retlw	97	;'a'
   238  0026  3464               	retlw	100	;'d'
   239  0027  3479               	retlw	121	;'y'
   240  0028  3400               	retlw	0
   241  0029                     STR_3:	
   242  0029  3450               	retlw	80	;'P'
   243  002A  3472               	retlw	114	;'r'
   244  002B  3465               	retlw	101	;'e'
   245  002C  3473               	retlw	115	;'s'
   246  002D  3473               	retlw	115	;'s'
   247  002E  3420               	retlw	32	;' '
   248  002F  3430               	retlw	48	;'0'
   249  0030  3420               	retlw	32	;' '
   250  0031  3474               	retlw	116	;'t'
   251  0032  346F               	retlw	111	;'o'
   252  0033  3420               	retlw	32	;' '
   253  0034  3474               	retlw	116	;'t'
   254  0035  3475               	retlw	117	;'u'
   255  0036  3472               	retlw	114	;'r'
   256  0037  346E               	retlw	110	;'n'
   257  0038  3420               	retlw	32	;' '
   258  0039  344F               	retlw	79	;'O'
   259  003A  3446               	retlw	70	;'F'
   260  003B  3446               	retlw	70	;'F'
   261  003C  3420               	retlw	32	;' '
   262  003D  344C               	retlw	76	;'L'
   263  003E  3445               	retlw	69	;'E'
   264  003F  3444               	retlw	68	;'D'
   265  0040  3400               	retlw	0
   266  0041                     STR_2:	
   267  0041  3450               	retlw	80	;'P'
   268  0042  3472               	retlw	114	;'r'
   269  0043  3465               	retlw	101	;'e'
   270  0044  3473               	retlw	115	;'s'
   271  0045  3473               	retlw	115	;'s'
   272  0046  3420               	retlw	32	;' '
   273  0047  3431               	retlw	49	;'1'
   274  0048  3420               	retlw	32	;' '
   275  0049  3474               	retlw	116	;'t'
   276  004A  346F               	retlw	111	;'o'
   277  004B  3420               	retlw	32	;' '
   278  004C  3474               	retlw	116	;'t'
   279  004D  3475               	retlw	117	;'u'
   280  004E  3472               	retlw	114	;'r'
   281  004F  346E               	retlw	110	;'n'
   282  0050  3420               	retlw	32	;' '
   283  0051  344F               	retlw	79	;'O'
   284  0052  344E               	retlw	78	;'N'
   285  0053  3420               	retlw	32	;' '
   286  0054  344C               	retlw	76	;'L'
   287  0055  3445               	retlw	69	;'E'
   288  0056  3444               	retlw	68	;'D'
   289  0057  3400               	retlw	0
   290  0058                     STR_4:	
   291  0058  344C               	retlw	76	;'L'
   292  0059  3445               	retlw	69	;'E'
   293  005A  3444               	retlw	68	;'D'
   294  005B  3420               	retlw	32	;' '
   295  005C  3474               	retlw	116	;'t'
   296  005D  3475               	retlw	117	;'u'
   297  005E  3472               	retlw	114	;'r'
   298  005F  346E               	retlw	110	;'n'
   299  0060  3465               	retlw	101	;'e'
   300  0061  3464               	retlw	100	;'d'
   301  0062  3420               	retlw	32	;' '
   302  0063  344F               	retlw	79	;'O'
   303  0064  3446               	retlw	70	;'F'
   304  0065  3446               	retlw	70	;'F'
   305  0066  3400               	retlw	0
   306  0067                     STR_5:	
   307  0067  344C               	retlw	76	;'L'
   308  0068  3445               	retlw	69	;'E'
   309  0069  3444               	retlw	68	;'D'
   310  006A  3420               	retlw	32	;' '
   311  006B  3474               	retlw	116	;'t'
   312  006C  3475               	retlw	117	;'u'
   313  006D  3472               	retlw	114	;'r'
   314  006E  346E               	retlw	110	;'n'
   315  006F  3465               	retlw	101	;'e'
   316  0070  3464               	retlw	100	;'d'
   317  0071  3420               	retlw	32	;' '
   318  0072  344F               	retlw	79	;'O'
   319  0073  344E               	retlw	78	;'N'
   320  0074  3400               	retlw	0
   321                           
   322                           ; #config settings
   323  0000                     
   324                           	psect	cinit
   325  07FC                     start_initialization:	
   326  07FC                     __initialization:	
   327  07FC                     end_of_initialization:	
   328                           ;End of C runtime variable initialization code
   329                           
   330  07FC                     __end_of__initialization:	
   331  07FC  0183               	clrf	3
   332  07FD  120A  118A  2F9A   	ljmp	_main	;jump to C main() function
   333                           
   334                           	psect	cstackCOMMON
   335  0070                     __pcstackCOMMON:	
   336  0070                     ?_Initialize_Bluetooth:	
   337  0070                     ??_Initialize_Bluetooth:	
   338                           ; 1 bytes @ 0x0
   339                           
   340  0070                     ?_BT_load_char:	
   341                           ; 1 bytes @ 0x0
   342                           
   343  0070                     ??_BT_load_char:	
   344                           ; 1 bytes @ 0x0
   345                           
   346  0070                     ?_BT_load_string:	
   347                           ; 1 bytes @ 0x0
   348                           
   349  0070                     ?_broadcast_BT:	
   350                           ; 1 bytes @ 0x0
   351                           
   352  0070                     ??_broadcast_BT:	
   353                           ; 1 bytes @ 0x0
   354                           
   355  0070                     ?_BT_get_char:	
   356                           ; 1 bytes @ 0x0
   357                           
   358  0070                     ??_BT_get_char:	
   359                           ; 1 bytes @ 0x0
   360                           
   361  0070                     ?_main:	
   362                           ; 1 bytes @ 0x0
   363                           
   364  0070                     BT_load_char@byte:	
   365                           ; 1 bytes @ 0x0
   366                           
   367                           
   368                           ; 1 bytes @ 0x0
   369  0070                     	ds	1
   370  0071                     ??_BT_load_string:	
   371                           
   372                           ; 1 bytes @ 0x1
   373  0071                     	ds	1
   374  0072                     BT_load_string@string:	
   375                           
   376                           ; 1 bytes @ 0x2
   377  0072                     	ds	1
   378  0073                     ??_main:	
   379                           
   380                           ; 1 bytes @ 0x3
   381  0073                     	ds	2
   382  0075                     main@get_value:	
   383                           
   384                           ; 2 bytes @ 0x5
   385  0075                     	ds	2
   386                           
   387                           	psect	maintext
   388  079A                     __pmaintext:	
   389 ;;
   390 ;;Main: autosize = 0, tempsize = 2, incstack = 0, save=0
   391 ;;
   392 ;; *************** function _main *****************
   393 ;; Defined at:
   394 ;;		line 145 in file "main.c"
   395 ;; Parameters:    Size  Location     Type
   396 ;;		None
   397 ;; Auto vars:     Size  Location     Type
   398 ;;  get_value       2    5[COMMON] int 
   399 ;; Return value:  Size  Location     Type
   400 ;;                  1    wreg      void 
   401 ;; Registers used:
   402 ;;		wreg, fsr0l, fsr0h, status,2, status,0, pclath, cstack
   403 ;; Tracked objects:
   404 ;;		On entry : B00/0
   405 ;;		On exit  : 0/0
   406 ;;		Unchanged: 0/0
   407 ;; Data sizes:     COMMON   BANK0   BANK1   BANK3   BANK2
   408 ;;      Params:         0       0       0       0       0
   409 ;;      Locals:         2       0       0       0       0
   410 ;;      Temps:          2       0       0       0       0
   411 ;;      Totals:         4       0       0       0       0
   412 ;;Total ram usage:        4 bytes
   413 ;; Hardware stack levels required when called:    2
   414 ;; This function calls:
   415 ;;		_BT_get_char
   416 ;;		_BT_load_string
   417 ;;		_Initialize_Bluetooth
   418 ;;		_broadcast_BT
   419 ;; This function is called by:
   420 ;;		Startup code after reset
   421 ;; This function uses a non-reentrant model
   422 ;;
   423                           
   424                           
   425                           ;psect for function _main
   426  079A                     _main:	
   427  079A                     l768:	
   428                           ;incstack = 0
   429                           ; Regs used in _main: [wreg-fsr0h+status,2+status,0+pclath+cstack]
   430                           
   431                           
   432                           ;main.c: 148:     int get_value;;main.c: 152:     TRISB3=0;
   433  079A  1683               	bsf	3,5	;RP0=1, select bank1
   434  079B  1303               	bcf	3,6	;RP1=0, select bank1
   435  079C  1186               	bcf	6,3	;volatile
   436  079D                     l770:	
   437                           
   438                           ;main.c: 155:    Initialize_Bluetooth();
   439  079D  120A  118A  2761  120A  118A  	fcall	_Initialize_Bluetooth
   440  07A2                     l772:	
   441                           
   442                           ;main.c: 158:    BT_load_string("Bluetooth Initialized and Ready");
   443  07A2  3001               	movlw	(low ((STR_1-__stringbase)| (0+32768)))& (0+255)
   444  07A3  120A  118A  277B  120A  118A  	fcall	_BT_load_string
   445  07A8                     l774:	
   446                           
   447                           ;main.c: 159:    broadcast_BT();
   448  07A8  120A  118A  273B  120A  118A  	fcall	_broadcast_BT
   449                           
   450                           ;main.c: 160:    BT_load_string("Press 1 to turn ON LED");
   451  07AD  3039               	movlw	(low ((STR_2-__stringbase)| (0+32768)))& (0+255)
   452  07AE  120A  118A  277B  120A  118A  	fcall	_BT_load_string
   453  07B3                     l776:	
   454                           
   455                           ;main.c: 161:    broadcast_BT();
   456  07B3  120A  118A  273B  120A  118A  	fcall	_broadcast_BT
   457  07B8                     l778:	
   458                           
   459                           ;main.c: 162:    BT_load_string("Press 0 to turn OFF LED");
   460  07B8  3021               	movlw	(low ((STR_3-__stringbase)| (0+32768)))& (0+255)
   461  07B9  120A  118A  277B  120A  118A  	fcall	_BT_load_string
   462                           
   463                           ;main.c: 163:    broadcast_BT();
   464  07BE  120A  118A  273B  120A  118A  	fcall	_broadcast_BT
   465  07C3                     l780:	
   466                           
   467                           ;main.c: 167:     {;main.c: 169:     get_value = BT_get_char();
   468  07C3  120A  118A  274D  120A  118A  	fcall	_BT_get_char
   469  07C8  00F3               	movwf	??_main
   470  07C9  01F4               	clrf	??_main+1
   471  07CA  0873               	movf	??_main,w
   472  07CB  00F5               	movwf	main@get_value
   473  07CC  0874               	movf	??_main+1,w
   474  07CD  00F6               	movwf	main@get_value+1
   475  07CE                     l782:	
   476                           
   477                           ;main.c: 172:         if (get_value=='0')
   478  07CE  3030               	movlw	48
   479  07CF  0675               	xorwf	main@get_value,w
   480  07D0  0476               	iorwf	main@get_value+1,w
   481  07D1  1D03               	btfss	3,2
   482  07D2  2FD4               	goto	u101
   483  07D3  2FD5               	goto	u100
   484  07D4                     u101:	
   485  07D4  2FE3               	goto	l790
   486  07D5                     u100:	
   487  07D5                     l784:	
   488                           
   489                           ;main.c: 173:           {;main.c: 174:              RB3=0;
   490  07D5  1283               	bcf	3,5	;RP0=0, select bank0
   491  07D6  1303               	bcf	3,6	;RP1=0, select bank0
   492  07D7  1186               	bcf	6,3	;volatile
   493  07D8                     l786:	
   494                           
   495                           ;main.c: 175:              BT_load_string("LED turned OFF");
   496  07D8  3050               	movlw	(low ((STR_4-__stringbase)| (0+32768)))& (0+255)
   497  07D9  120A  118A  277B  120A  118A  	fcall	_BT_load_string
   498  07DE                     l788:	
   499                           
   500                           ;main.c: 176:              broadcast_BT();
   501  07DE  120A  118A  273B  120A  118A  	fcall	_broadcast_BT
   502  07E3                     l790:	
   503                           
   504                           ;main.c: 180:         if (get_value=='1')
   505  07E3  3031               	movlw	49
   506  07E4  0675               	xorwf	main@get_value,w
   507  07E5  0476               	iorwf	main@get_value+1,w
   508  07E6  1D03               	btfss	3,2
   509  07E7  2FE9               	goto	u111
   510  07E8  2FEA               	goto	u110
   511  07E9                     u111:	
   512  07E9  2FC3               	goto	l780
   513  07EA                     u110:	
   514  07EA                     l792:	
   515                           
   516                           ;main.c: 181:           {;main.c: 182:              RB3=1;
   517  07EA  1283               	bcf	3,5	;RP0=0, select bank0
   518  07EB  1303               	bcf	3,6	;RP1=0, select bank0
   519  07EC  1586               	bsf	6,3	;volatile
   520  07ED                     l794:	
   521                           
   522                           ;main.c: 183:              BT_load_string("LED turned ON");
   523  07ED  305F               	movlw	(low ((STR_5-__stringbase)| (0+32768)))& (0+255)
   524  07EE  120A  118A  277B  120A  118A  	fcall	_BT_load_string
   525  07F3                     l796:	
   526                           
   527                           ;main.c: 184:              broadcast_BT();
   528  07F3  120A  118A  273B  120A  118A  	fcall	_broadcast_BT
   529  07F8  2FC3               	goto	l780
   530  07F9  120A  118A  2800   	ljmp	start
   531  07FC                     __end_of_main:	
   532                           
   533                           	psect	text1
   534  073B                     __ptext1:	
   535 ;; *************** function _broadcast_BT *****************
   536 ;; Defined at:
   537 ;;		line 119 in file "main.c"
   538 ;; Parameters:    Size  Location     Type
   539 ;;		None
   540 ;; Auto vars:     Size  Location     Type
   541 ;;		None
   542 ;; Return value:  Size  Location     Type
   543 ;;                  1    wreg      void 
   544 ;; Registers used:
   545 ;;		wreg
   546 ;; Tracked objects:
   547 ;;		On entry : 0/0
   548 ;;		On exit  : 0/0
   549 ;;		Unchanged: 0/0
   550 ;; Data sizes:     COMMON   BANK0   BANK1   BANK3   BANK2
   551 ;;      Params:         0       0       0       0       0
   552 ;;      Locals:         0       0       0       0       0
   553 ;;      Temps:          3       0       0       0       0
   554 ;;      Totals:         3       0       0       0       0
   555 ;;Total ram usage:        3 bytes
   556 ;; Hardware stack levels used:    1
   557 ;; This function calls:
   558 ;;		Nothing
   559 ;; This function is called by:
   560 ;;		_main
   561 ;; This function uses a non-reentrant model
   562 ;;
   563                           
   564                           
   565                           ;psect for function _broadcast_BT
   566  073B                     _broadcast_BT:	
   567  073B                     l712:	
   568                           ;incstack = 0
   569                           ; Regs used in _broadcast_BT: [wreg]
   570                           
   571                           
   572                           ;main.c: 121:   TXREG = 13;
   573  073B  300D               	movlw	13
   574  073C  1283               	bcf	3,5	;RP0=0, select bank0
   575  073D  1303               	bcf	3,6	;RP1=0, select bank0
   576  073E  0099               	movwf	25	;volatile
   577                           
   578                           ;main.c: 122:   _delay((unsigned long)((500)*(20000000/4000.0)));
   579  073F  300D               	movlw	13
   580  0740  00F2               	movwf	??_broadcast_BT+2
   581  0741  30AF               	movlw	175
   582  0742  00F1               	movwf	??_broadcast_BT+1
   583  0743  30B6               	movlw	182
   584  0744  00F0               	movwf	??_broadcast_BT
   585  0745                     u127:	
   586  0745  0BF0               	decfsz	??_broadcast_BT,f
   587  0746  2F45               	goto	u127
   588  0747  0BF1               	decfsz	??_broadcast_BT+1,f
   589  0748  2F45               	goto	u127
   590  0749  0BF2               	decfsz	??_broadcast_BT+2,f
   591  074A  2F45               	goto	u127
   592  074B  0000               	nop
   593  074C                     l67:	
   594  074C  0008               	return
   595  074D                     __end_of_broadcast_BT:	
   596                           
   597                           	psect	text2
   598  0761                     __ptext2:	
   599 ;; *************** function _Initialize_Bluetooth *****************
   600 ;; Defined at:
   601 ;;		line 69 in file "main.c"
   602 ;; Parameters:    Size  Location     Type
   603 ;;		None
   604 ;; Auto vars:     Size  Location     Type
   605 ;;		None
   606 ;; Return value:  Size  Location     Type
   607 ;;                  1    wreg      void 
   608 ;; Registers used:
   609 ;;		wreg
   610 ;; Tracked objects:
   611 ;;		On entry : 0/0
   612 ;;		On exit  : 0/0
   613 ;;		Unchanged: 0/0
   614 ;; Data sizes:     COMMON   BANK0   BANK1   BANK3   BANK2
   615 ;;      Params:         0       0       0       0       0
   616 ;;      Locals:         0       0       0       0       0
   617 ;;      Temps:          0       0       0       0       0
   618 ;;      Totals:         0       0       0       0       0
   619 ;;Total ram usage:        0 bytes
   620 ;; Hardware stack levels used:    1
   621 ;; This function calls:
   622 ;;		Nothing
   623 ;; This function is called by:
   624 ;;		_main
   625 ;; This function uses a non-reentrant model
   626 ;;
   627                           
   628                           
   629                           ;psect for function _Initialize_Bluetooth
   630  0761                     _Initialize_Bluetooth:	
   631  0761                     l680:	
   632                           ;incstack = 0
   633                           ; Regs used in _Initialize_Bluetooth: [wreg]
   634                           
   635                           
   636                           ;main.c: 72:     TRISC6=1;
   637  0761  1683               	bsf	3,5	;RP0=1, select bank1
   638  0762  1303               	bcf	3,6	;RP1=0, select bank1
   639  0763  1707               	bsf	7,6	;volatile
   640                           
   641                           ;main.c: 73:     TRISC7=1;
   642  0764  1787               	bsf	7,7	;volatile
   643                           
   644                           ;main.c: 76:     BRGH=1;
   645  0765  1518               	bsf	24,2	;volatile
   646  0766                     l682:	
   647                           
   648                           ;main.c: 77:     SPBRG =129;
   649  0766  3081               	movlw	129
   650  0767  0099               	movwf	25	;volatile
   651  0768                     l684:	
   652                           
   653                           ;main.c: 80:     SYNC=0;
   654  0768  1218               	bcf	24,4	;volatile
   655  0769                     l686:	
   656                           
   657                           ;main.c: 81:     SPEN=1;
   658  0769  1283               	bcf	3,5	;RP0=0, select bank0
   659  076A  1303               	bcf	3,6	;RP1=0, select bank0
   660  076B  1798               	bsf	24,7	;volatile
   661  076C                     l688:	
   662                           
   663                           ;main.c: 84:     RX9=0;
   664  076C  1318               	bcf	24,6	;volatile
   665  076D                     l690:	
   666                           
   667                           ;main.c: 85:     TX9=0;
   668  076D  1683               	bsf	3,5	;RP0=1, select bank1
   669  076E  1303               	bcf	3,6	;RP1=0, select bank1
   670  076F  1318               	bcf	24,6	;volatile
   671  0770                     l692:	
   672                           
   673                           ;main.c: 88:     TXEN=1;
   674  0770  1698               	bsf	24,5	;volatile
   675  0771                     l694:	
   676                           
   677                           ;main.c: 89:     CREN=1;
   678  0771  1283               	bcf	3,5	;RP0=0, select bank0
   679  0772  1303               	bcf	3,6	;RP1=0, select bank0
   680  0773  1618               	bsf	24,4	;volatile
   681  0774                     l696:	
   682                           
   683                           ;main.c: 92:     GIE = 1;
   684  0774  178B               	bsf	11,7	;volatile
   685  0775                     l698:	
   686                           
   687                           ;main.c: 93:     PEIE= 1;
   688  0775  170B               	bsf	11,6	;volatile
   689  0776                     l700:	
   690                           
   691                           ;main.c: 96:     RCIE=1;
   692  0776  1683               	bsf	3,5	;RP0=1, select bank1
   693  0777  1303               	bcf	3,6	;RP1=0, select bank1
   694  0778  168C               	bsf	12,5	;volatile
   695  0779                     l702:	
   696                           
   697                           ;main.c: 97:     TXIE=1;
   698  0779  160C               	bsf	12,4	;volatile
   699  077A                     l49:	
   700  077A  0008               	return
   701  077B                     __end_of_Initialize_Bluetooth:	
   702                           
   703                           	psect	text3
   704  077B                     __ptext3:	
   705 ;; *************** function _BT_load_string *****************
   706 ;; Defined at:
   707 ;;		line 111 in file "main.c"
   708 ;; Parameters:    Size  Location     Type
   709 ;;  string          1    wreg     PTR unsigned char 
   710 ;;		 -> STR_5(14), STR_4(15), STR_3(24), STR_2(23), 
   711 ;;		 -> STR_1(32), 
   712 ;; Auto vars:     Size  Location     Type
   713 ;;  string          1    2[COMMON] PTR unsigned char 
   714 ;;		 -> STR_5(14), STR_4(15), STR_3(24), STR_2(23), 
   715 ;;		 -> STR_1(32), 
   716 ;; Return value:  Size  Location     Type
   717 ;;                  1    wreg      void 
   718 ;; Registers used:
   719 ;;		wreg, fsr0l, fsr0h, status,2, status,0, pclath, cstack
   720 ;; Tracked objects:
   721 ;;		On entry : 0/0
   722 ;;		On exit  : 0/0
   723 ;;		Unchanged: 0/0
   724 ;; Data sizes:     COMMON   BANK0   BANK1   BANK3   BANK2
   725 ;;      Params:         0       0       0       0       0
   726 ;;      Locals:         1       0       0       0       0
   727 ;;      Temps:          1       0       0       0       0
   728 ;;      Totals:         2       0       0       0       0
   729 ;;Total ram usage:        2 bytes
   730 ;; Hardware stack levels used:    1
   731 ;; Hardware stack levels required when called:    1
   732 ;; This function calls:
   733 ;;		_BT_load_char
   734 ;; This function is called by:
   735 ;;		_main
   736 ;; This function uses a non-reentrant model
   737 ;;
   738                           
   739                           
   740                           ;psect for function _BT_load_string
   741  077B                     _BT_load_string:	
   742                           
   743                           ;incstack = 0
   744                           ; Regs used in _BT_load_string: [wreg-fsr0h+status,2+status,0+pclath+cstack]
   745                           ;BT_load_string@string stored from wreg
   746  077B  00F2               	movwf	BT_load_string@string
   747  077C                     l760:	
   748                           
   749                           ;main.c: 111: void BT_load_string(char* string);main.c: 112: {;main.c: 113:     while(*s
      +                          tring)
   750  077C  2F8D               	goto	l766
   751  077D                     l762:	
   752                           
   753                           ;main.c: 114:     BT_load_char(*string++);
   754  077D  0872               	movf	BT_load_string@string,w
   755  077E  0084               	movwf	4
   756  077F  120A  118A  2003  120A  118A  	fcall	stringdir
   757  0784  120A  118A  272B  120A  118A  	fcall	_BT_load_char
   758  0789                     l764:	
   759  0789  3001               	movlw	1
   760  078A  00F1               	movwf	??_BT_load_string
   761  078B  0871               	movf	??_BT_load_string,w
   762  078C  07F2               	addwf	BT_load_string@string,f
   763  078D                     l766:	
   764                           
   765                           ;main.c: 113:     while(*string)
   766  078D  0872               	movf	BT_load_string@string,w
   767  078E  0084               	movwf	4
   768  078F  120A  118A  2003  120A  118A  	fcall	stringdir
   769  0794  3A00               	xorlw	0
   770  0795  1D03               	skipz
   771  0796  2F98               	goto	u91
   772  0797  2F99               	goto	u90
   773  0798                     u91:	
   774  0798  2F7D               	goto	l762
   775  0799                     u90:	
   776  0799                     l64:	
   777  0799  0008               	return
   778  079A                     __end_of_BT_load_string:	
   779                           
   780                           	psect	text4
   781  072B                     __ptext4:	
   782 ;; *************** function _BT_load_char *****************
   783 ;; Defined at:
   784 ;;		line 102 in file "main.c"
   785 ;; Parameters:    Size  Location     Type
   786 ;;  byte            1    wreg     unsigned char 
   787 ;; Auto vars:     Size  Location     Type
   788 ;;  byte            1    0[COMMON] unsigned char 
   789 ;; Return value:  Size  Location     Type
   790 ;;                  1    wreg      void 
   791 ;; Registers used:
   792 ;;		wreg
   793 ;; Tracked objects:
   794 ;;		On entry : 0/0
   795 ;;		On exit  : 0/0
   796 ;;		Unchanged: 0/0
   797 ;; Data sizes:     COMMON   BANK0   BANK1   BANK3   BANK2
   798 ;;      Params:         0       0       0       0       0
   799 ;;      Locals:         1       0       0       0       0
   800 ;;      Temps:          0       0       0       0       0
   801 ;;      Totals:         1       0       0       0       0
   802 ;;Total ram usage:        1 bytes
   803 ;; Hardware stack levels used:    1
   804 ;; This function calls:
   805 ;;		Nothing
   806 ;; This function is called by:
   807 ;;		_BT_load_string
   808 ;; This function uses a non-reentrant model
   809 ;;
   810                           
   811                           
   812                           ;psect for function _BT_load_char
   813  072B                     _BT_load_char:	
   814                           
   815                           ;incstack = 0
   816                           ; Regs used in _BT_load_char: [wreg]
   817                           ;BT_load_char@byte stored from wreg
   818  072B  00F0               	movwf	BT_load_char@byte
   819  072C                     l678:	
   820                           
   821                           ;main.c: 102: void BT_load_char(char byte);main.c: 103: {;main.c: 104:     TXREG = byte;
   822  072C  0870               	movf	BT_load_char@byte,w
   823  072D  1283               	bcf	3,5	;RP0=0, select bank0
   824  072E  1303               	bcf	3,6	;RP1=0, select bank0
   825  072F  0099               	movwf	25	;volatile
   826  0730                     l52:	
   827                           ;main.c: 105:     while(!TXIF);
   828                           
   829  0730  1E0C               	btfss	12,4	;volatile
   830  0731  2F33               	goto	u11
   831  0732  2F34               	goto	u10
   832  0733                     u11:	
   833  0733  2F30               	goto	l52
   834  0734                     u10:	
   835  0734                     l55:	
   836  0734  1683               	bsf	3,5	;RP0=1, select bank1
   837  0735  1303               	bcf	3,6	;RP1=0, select bank1
   838  0736  1C98               	btfss	24,1	;volatile
   839  0737  2F39               	goto	u21
   840  0738  2F3A               	goto	u20
   841  0739                     u21:	
   842  0739  2F34               	goto	l55
   843  073A                     u20:	
   844  073A                     l58:	
   845  073A  0008               	return
   846  073B                     __end_of_BT_load_char:	
   847                           
   848                           	psect	text5
   849  074D                     __ptext5:	
   850 ;; *************** function _BT_get_char *****************
   851 ;; Defined at:
   852 ;;		line 127 in file "main.c"
   853 ;; Parameters:    Size  Location     Type
   854 ;;		None
   855 ;; Auto vars:     Size  Location     Type
   856 ;;		None
   857 ;; Return value:  Size  Location     Type
   858 ;;                  1    wreg      unsigned char 
   859 ;; Registers used:
   860 ;;		wreg
   861 ;; Tracked objects:
   862 ;;		On entry : 0/0
   863 ;;		On exit  : 0/0
   864 ;;		Unchanged: 0/0
   865 ;; Data sizes:     COMMON   BANK0   BANK1   BANK3   BANK2
   866 ;;      Params:         0       0       0       0       0
   867 ;;      Locals:         0       0       0       0       0
   868 ;;      Temps:          0       0       0       0       0
   869 ;;      Totals:         0       0       0       0       0
   870 ;;Total ram usage:        0 bytes
   871 ;; Hardware stack levels used:    1
   872 ;; This function calls:
   873 ;;		Nothing
   874 ;; This function is called by:
   875 ;;		_main
   876 ;; This function uses a non-reentrant model
   877 ;;
   878                           
   879                           
   880                           ;psect for function _BT_get_char
   881  074D                     _BT_get_char:	
   882  074D                     l714:	
   883                           ;incstack = 0
   884                           ; Regs used in _BT_get_char: [wreg]
   885                           
   886                           
   887                           ;main.c: 129:     if(OERR)
   888  074D  1283               	bcf	3,5	;RP0=0, select bank0
   889  074E  1303               	bcf	3,6	;RP1=0, select bank0
   890  074F  1C98               	btfss	24,1	;volatile
   891  0750  2F52               	goto	u41
   892  0751  2F53               	goto	u40
   893  0752                     u41:	
   894  0752  2F55               	goto	l70
   895  0753                     u40:	
   896  0753                     l716:	
   897                           
   898                           ;main.c: 130:     {;main.c: 131:         CREN = 0;
   899  0753  1218               	bcf	24,4	;volatile
   900                           
   901                           ;main.c: 132:         CREN = 1;
   902  0754  1618               	bsf	24,4	;volatile
   903  0755                     l70:	
   904                           ;main.c: 133:     }
   905                           
   906                           
   907                           ;main.c: 135:     if(RCIF==1)
   908  0755  1E8C               	btfss	12,5	;volatile
   909  0756  2F58               	goto	u51
   910  0757  2F59               	goto	u50
   911  0758                     u51:	
   912  0758  2F5F               	goto	l726
   913  0759                     u50:	
   914  0759                     l72:	
   915  0759  1E8C               	btfss	12,5	;volatile
   916  075A  2F5C               	goto	u61
   917  075B  2F5D               	goto	u60
   918  075C                     u61:	
   919  075C  2F59               	goto	l72
   920  075D                     u60:	
   921  075D                     l720:	
   922                           
   923                           ;main.c: 138:     return RCREG;
   924  075D  081A               	movf	26,w	;volatile
   925  075E  2F60               	goto	l75
   926  075F                     l726:	
   927                           
   928                           ;main.c: 141:         return 0;
   929  075F  3000               	movlw	0
   930  0760                     l75:	
   931  0760  0008               	return
   932  0761                     __end_of_BT_get_char:	
   933  007E                     btemp	set	126	;btemp
   934  007E                     wtemp0	set	126


Data Sizes:
    Strings     108
    Constant    0
    Data        0
    BSS         0
    Persistent  0
    Stack       0

Auto Spaces:
    Space          Size  Autos    Used
    COMMON           14      7       7
    BANK0            80      0       0
    BANK1            80      0       0
    BANK3            96      0       0
    BANK2            96      0       0

Pointer List with Targets:

    BT_load_string@string	PTR unsigned char  size(1) Largest target is 32
		 -> STR_5(CODE[14]), STR_4(CODE[15]), STR_3(CODE[24]), STR_2(CODE[23]), 
		 -> STR_1(CODE[32]), 


Critical Paths under _main in COMMON

    _main->_BT_load_string
    _main->_broadcast_BT
    _BT_load_string->_BT_load_char

Critical Paths under _main in BANK0

    None.

Critical Paths under _main in BANK1

    None.

Critical Paths under _main in BANK3

    None.

Critical Paths under _main in BANK2

    None.

Call Graph Tables:

 ---------------------------------------------------------------------------------
 (Depth) Function   	        Calls       Base Space   Used Autos Params    Refs
 ---------------------------------------------------------------------------------
 (0) _main                                                 4     4      0     270
                                              3 COMMON     4     4      0
                        _BT_get_char
                     _BT_load_string
               _Initialize_Bluetooth
                       _broadcast_BT
 ---------------------------------------------------------------------------------
 (1) _broadcast_BT                                         3     3      0       0
                                              0 COMMON     3     3      0
 ---------------------------------------------------------------------------------
 (1) _Initialize_Bluetooth                                 0     0      0       0
 ---------------------------------------------------------------------------------
 (1) _BT_load_string                                       2     2      0     225
                                              1 COMMON     2     2      0
                       _BT_load_char
 ---------------------------------------------------------------------------------
 (2) _BT_load_char                                         1     1      0      15
                                              0 COMMON     1     1      0
 ---------------------------------------------------------------------------------
 (1) _BT_get_char                                          0     0      0       0
 ---------------------------------------------------------------------------------
 Estimated maximum stack depth 2
 ---------------------------------------------------------------------------------

 Call Graph Graphs:

 _main (ROOT)
   _BT_get_char
   _BT_load_string
     _BT_load_char
   _Initialize_Bluetooth
   _broadcast_BT

 Address spaces:
Name               Size   Autos  Total    Cost      Usage
BITCOMMON            E      0       0       0        0.0%
EEDATA             100      0       0       0        0.0%
NULL                 0      0       0       0        0.0%
CODE                 0      0       0       0        0.0%
COMMON               E      7       7       1       50.0%
BITSFR0              0      0       0       1        0.0%
SFR0                 0      0       0       1        0.0%
BITSFR1              0      0       0       2        0.0%
SFR1                 0      0       0       2        0.0%
STACK                0      0       0       2        0.0%
ABS                  0      0       0       3        0.0%
BITBANK0            50      0       0       4        0.0%
BITSFR3              0      0       0       4        0.0%
SFR3                 0      0       0       4        0.0%
BANK0               50      0       0       5        0.0%
BITSFR2              0      0       0       5        0.0%
SFR2                 0      0       0       5        0.0%
BITBANK1            50      0       0       6        0.0%
BANK1               50      0       0       7        0.0%
BITBANK3            60      0       0       8        0.0%
BANK3               60      0       0       9        0.0%
BITBANK2            60      0       0      10        0.0%
BANK2               60      0       0      11        0.0%
DATA                 0      0       0      12        0.0%


Microchip Technology PIC Macro Assembler V2.10 build 88905656 
Symbol Table                                                                                   Tue Feb 04 16:14:50 2020

                            pc 0002                    __CFG_CP$OFF 0000                             l52 0730  
                           l70 0755                             l55 0734                             l72 0759  
                           l64 0799                             l49 077A                             l58 073A  
                           l75 0760                             l67 074C                             u10 0734  
                           u11 0733                             u20 073A                             u21 0739  
                           u40 0753                             u41 0752                             u50 0759  
                           u51 0758                             u60 075D                             u61 075C  
                           u90 0799                             u91 0798                             fsr 0004  
                          l700 0776                            l702 0779                            l720 075D  
                          l712 073B                            l714 074D                            l716 0753  
                          l726 075F                            l760 077C                            l680 0761  
                          l762 077D                            l690 076D                            l682 0766  
                          l770 079D                            l764 0789                            l692 0770  
                          l684 0768                            l780 07C3                            l772 07A2  
                          l678 072C                            l766 078D                            l694 0771  
                          l686 0769                            l790 07E3                            l782 07CE  
                          l774 07A8                            l696 0774                            l688 076C  
                          l792 07EA                            l784 07D5                            l776 07B3  
                          l768 079A                            l698 0775                            l794 07ED  
                          l786 07D8                            l778 07B8                            l796 07F3  
                          l788 07DE                            _GIE 005F                            _RB3 0033  
                          u100 07D5                            u101 07D4                            u110 07EA  
                          u111 07E9                            u127 0745                   __CFG_CPD$OFF 0000  
                          _RX9 00C6                            _TX9 04C6                            fsr0 0004  
                 __CFG_FOSC$HS 0000                   __CFG_LVP$OFF 0000                           STR_1 0009  
                         STR_2 0041                           STR_3 0029                           STR_4 0058  
                         STR_5 0067                           _BRGH 04C2                           _CREN 00C4  
                         _PEIE 005E                           _RCIE 0465                           _RCIF 0065  
                         _OERR 00C1                           _SPEN 00C7                           _TRMT 04C1  
                         _TXIE 0464                           _TXEN 04C5                           _TXIF 0064  
                         _SYNC 04C4                 ??_broadcast_BT 0070                   __CFG_WRT$OFF 0000  
                         _main 079A                           btemp 007E                           start 0000  
__size_of_Initialize_Bluetooth 001A                          ?_main 0070                  __CFG_WDTE$OFF 0000  
                        _RCREG 001A                          _SPBRG 0099                          _TXREG 0019  
               __CFG_BOREN$OFF 0000                          pclath 000A                          status 0003  
                        wtemp0 007E                __initialization 07FC                   __end_of_main 07FC  
                 ?_BT_get_char 0070                         ??_main 0073                  main@get_value 0075  
               _BT_load_string 077B                         _TRISB3 0433                         _TRISC6 043E  
                       _TRISC7 043F                 __CFG_PWRTE$OFF 0000           __end_of_broadcast_BT 074D  
       __end_of_BT_load_string 079A        __end_of__initialization 07FC                 __pcstackCOMMON 0070  
              ?_BT_load_string 0070                  ?_BT_load_char 0070                     __pmaintext 079A  
 __end_of_Initialize_Bluetooth 077B           __size_of_BT_get_char 0014                     __stringtab 0003  
               ??_BT_load_char 0070          __size_of_broadcast_BT 0012                        __ptext1 073B  
                      __ptext2 0761                        __ptext3 077B                        __ptext4 072B  
                      __ptext5 074D           end_of_initialization 07FC                   _broadcast_BT 073B  
             BT_load_char@byte 0070           _Initialize_Bluetooth 0761           __end_of_BT_load_char 073B  
             ??_BT_load_string 0071            start_initialization 07FC          ?_Initialize_Bluetooth 0070  
                    ___latbits 0002                  ??_BT_get_char 0070                      __pstrings 0003  
       ??_Initialize_Bluetooth 0070          __size_of_BT_load_char 0010                    __stringbase 0008  
          __end_of_BT_get_char 0761                   _BT_load_char 072B             __end_of__stringtab 0009  
                __size_of_main 0062                    _BT_get_char 074D           BT_load_string@string 0072  
                    stringcode 0003                       stringdir 0003                       stringtab 0003  
      __size_of_BT_load_string 001F                  ?_broadcast_BT 0070  
